<?xml version="1.0" encoding="UTF-8"?>
<!-- Generated by org.testng.reporters.JUnitReportReporter -->
<testsuite hostname="DESKTOP-VIOAD7Q" failures="0" tests="1" name="frameWork.UtilFile.TestPutRequest" time="3.081" errors="0" timestamp="2021-04-17T17:02:51 IST" skipped="0">
  <testcase classname="frameWork.UtilFile.TestPutRequest" name="updateRequest" time="3.081"/>
  <system-out/>
</testsuite> <!-- frameWork.UtilFile.TestPutRequest -->
