<?xml version="1.0" encoding="UTF-8"?>
<!-- Generated by org.testng.reporters.JUnitReportReporter -->
<testsuite hostname="DESKTOP-VIOAD7Q" failures="0" tests="1" name="frameWork.UtilFile.TestPostRequest" time="3.583" errors="0" timestamp="2021-04-17T16:10:55 IST" skipped="0">
  <testcase classname="frameWork.UtilFile.TestPostRequest" name="createRequestedData" time="3.583"/>
  <system-out/>
</testsuite> <!-- frameWork.UtilFile.TestPostRequest -->
