<?xml version="1.0" encoding="UTF-8"?>
<!-- Generated by org.testng.reporters.JUnitReportReporter -->
<testsuite hostname="DESKTOP-VIOAD7Q" failures="0" tests="1" name="differentAssertion.assertArrayBasedAPi" time="2.529" errors="0" timestamp="2021-04-14T10:30:14 IST" skipped="0">
  <testcase classname="differentAssertion.assertArrayBasedAPi" name="assertMultipleApi" time="2.529"/>
  <system-out/>
</testsuite> <!-- differentAssertion.assertArrayBasedAPi -->
