<?xml version="1.0" encoding="UTF-8"?>
<!-- Generated by org.testng.reporters.JUnitReportReporter -->
<testsuite hostname="DESKTOP-VIOAD7Q" failures="0" tests="1" name="frameWork.UtilFile.TestDeleteRequest" time="2.411" errors="0" timestamp="2021-04-17T17:05:10 IST" skipped="0">
  <testcase classname="frameWork.UtilFile.TestDeleteRequest" name="deleteApi" time="2.411"/>
  <system-out/>
</testsuite> <!-- frameWork.UtilFile.TestDeleteRequest -->
