<?xml version="1.0" encoding="UTF-8"?>
<!-- Generated by org.testng.reporters.JUnitReportReporter -->
<testsuite hostname="DESKTOP-VIOAD7Q" failures="0" tests="1" name="differentAssertion.assertionFrameWork" time="2.433" errors="0" timestamp="2021-04-11T22:41:22 IST" skipped="0">
  <testcase classname="differentAssertion.assertionFrameWork" name="assertFrameWork" time="2.433"/>
  <system-out/>
</testsuite> <!-- differentAssertion.assertionFrameWork -->
