<?xml version="1.0" encoding="UTF-8"?>
<!-- Generated by org.testng.reporters.JUnitReportReporter -->
<testsuite hostname="DESKTOP-VIOAD7Q" failures="0" tests="1" name="differentAssertion.testAssertion" time="2.949" errors="0" timestamp="2021-04-11T20:13:08 IST" skipped="0">
  <testcase classname="differentAssertion.testAssertion" name="testArratItem" time="2.949"/>
  <system-out/>
</testsuite> <!-- differentAssertion.testAssertion -->
