<?xml version="1.0" encoding="UTF-8"?>
<!-- Generated by org.testng.reporters.JUnitReportReporter -->
<testsuite hostname="DESKTOP-VIOAD7Q" failures="0" tests="1" name="frameWork.UtilFile.TestPostFrameWork" time="9.124" errors="0" timestamp="2021-04-18T19:46:01 IST" skipped="0">
  <testcase classname="frameWork.UtilFile.TestPostFrameWork" name="postUserDetails" time="9.124"/>
  <system-out/>
</testsuite> <!-- frameWork.UtilFile.TestPostFrameWork -->
