<?xml version="1.0" encoding="UTF-8"?>
<!-- Generated by org.testng.reporters.JUnitReportReporter -->
<testsuite hostname="DESKTOP-VIOAD7Q" failures="0" tests="1" name="frameWork.UtilFile.TestGetRequest" time="2.652" errors="0" timestamp="2021-04-17T09:30:18 IST" skipped="0">
  <testcase classname="frameWork.UtilFile.TestGetRequest" name="getusers" time="2.652"/>
  <system-out/>
</testsuite> <!-- frameWork.UtilFile.TestGetRequest -->
